# JRE version: OpenJDK Runtime Environment Temurin-21.0.7+6 (21.0.7+6) (build 21.0.7+6-LTS)
# Java VM: OpenJDK 64-Bit Server VM Temurin-21.0.7+6 (21.0.7+6-LTS, mixed mode, emulated-client, sharing, tiered, compressed oops, compressed class ptrs, g1 gc, windows-amd64)
GC Precious Log:
 CardTable entry size: 512
 Card Set container configuration: InlinePtr #cards 4 size 8 Array Of Cards #cards 16 size 48 Howl #buckets 8 coarsen threshold 3686 Howl Bitmap #cards 512 size 80 coarsen threshold 460 Card regions per heap region 1 cards per card region 4096
 CPUs: 16 total, 16 available
 Memory: 16108M
 Large Page Support: Disabled
 NUMA Support: Disabled
 Compressed Oops: Enabled (Zero based)
 Heap Region Size: 2M
 Heap Min Capacity: 8M
 Heap Initial Capacity: 252M
 Heap Max Capacity: 4028M
 Pre-touch: Disabled
 Parallel Workers: 13
 Concurrent Workers: 3
 Concurrent Refinement Workers: 13
 Periodic GC: Disabled
Heap:
 garbage-first heap   total 81920K, used 64947K [0x0000000704400000, 0x0000000800000000)
  region size 2048K, 21 young (43008K), 0 survivors (0K)
 Metaspace       used 54707K, committed 55424K, reserved 1114112K
  class space    used 7221K, committed 7552K, reserved 1048576K
GC Heap History (20 events):
Event: 195663.990 GC heap before
{Heap before GC invocations=268 (full 25):
 garbage-first heap   total 81920K, used 72469K [0x0000000704400000, 0x0000000800000000)
  region size 2048K, 24 young (49152K), 1 survivors (2048K)
 Metaspace       used 53927K, committed 55104K, reserved 1114112K
  class space    used 7148K, committed 7552K, reserved 1048576K
}
Event: 195664.012 GC heap after
{Heap after GC invocations=269 (full 25):
 garbage-first heap   total 81920K, used 25031K [0x0000000704400000, 0x0000000800000000)
  region size 2048K, 1 young (2048K), 1 survivors (2048K)
 Metaspace       used 53927K, committed 55104K, reserved 1114112K
  class space    used 7148K, committed 7552K, reserved 1048576K
}
Event: 195958.016 GC heap before
{Heap before GC invocations=269 (full 25):
 garbage-first heap   total 81920K, used 55751K [0x0000000704400000, 0x0000000800000000)
  region size 2048K, 17 young (34816K), 1 survivors (2048K)
 Metaspace       used 53932K, committed 55104K, reserved 1114112K
  class space    used 7149K, committed 7552K, reserved 1048576K
}
Event: 195958.089 GC heap after
{Heap after GC invocations=270 (full 26):
 garbage-first heap   total 81920K, used 22043K [0x0000000704400000, 0x0000000800000000)
  region size 2048K, 0 young (0K), 0 survivors (0K)
 Metaspace       used 53857K, committed 55104K, reserved 1114112K
  class space    used 7131K, committed 7552K, reserved 1048576K
}
Event: 195959.227 GC heap before
{Heap before GC invocations=270 (full 26):
 garbage-first heap   total 81920K, used 65051K [0x0000000704400000, 0x0000000800000000)
  region size 2048K, 23 young (47104K), 0 survivors (0K)
 Metaspace       used 54173K, committed 55104K, reserved 1114112K
  class space    used 7183K, committed 7552K, reserved 1048576K
}
Event: 195959.239 GC heap after
{Heap after GC invocations=271 (full 26):
 garbage-first heap   total 81920K, used 26975K [0x0000000704400000, 0x0000000800000000)
  region size 2048K, 3 young (6144K), 3 survivors (6144K)
 Metaspace       used 54173K, committed 55104K, reserved 1114112K
  class space    used 7183K, committed 7552K, reserved 1048576K
}
Event: 195968.094 GC heap before
{Heap before GC invocations=272 (full 26):
 garbage-first heap   total 81920K, used 45407K [0x0000000704400000, 0x0000000800000000)
  region size 2048K, 13 young (26624K), 3 survivors (6144K)
 Metaspace       used 54257K, committed 55104K, reserved 1114112K
  class space    used 7199K, committed 7552K, reserved 1048576K
}
Event: 195968.147 GC heap after
{Heap after GC invocations=273 (full 27):
 garbage-first heap   total 81920K, used 23622K [0x0000000704400000, 0x0000000800000000)
  region size 2048K, 0 young (0K), 0 survivors (0K)
 Metaspace       used 53883K, committed 55040K, reserved 1114112K
  class space    used 7131K, committed 7552K, reserved 1048576K
}
Event: 195969.326 GC heap before
{Heap before GC invocations=273 (full 27):
 garbage-first heap   total 81920K, used 70726K [0x0000000704400000, 0x0000000800000000)
  region size 2048K, 23 young (47104K), 0 survivors (0K)
 Metaspace       used 54095K, committed 55040K, reserved 1114112K
  class space    used 7155K, committed 7552K, reserved 1048576K
}
Event: 195969.330 GC heap after
{Heap after GC invocations=274 (full 27):
 garbage-first heap   total 81920K, used 27486K [0x0000000704400000, 0x0000000800000000)
  region size 2048K, 2 young (4096K), 2 survivors (4096K)
 Metaspace       used 54095K, committed 55040K, reserved 1114112K
  class space    used 7155K, committed 7552K, reserved 1048576K
}
Event: 196048.234 GC heap before
{Heap before GC invocations=275 (full 27):
 garbage-first heap   total 81920K, used 47966K [0x0000000704400000, 0x0000000800000000)
  region size 2048K, 13 young (26624K), 2 survivors (4096K)
 Metaspace       used 54124K, committed 55040K, reserved 1114112K
  class space    used 7158K, committed 7552K, reserved 1048576K
}
Event: 196048.281 GC heap after
{Heap after GC invocations=276 (full 28):
 garbage-first heap   total 81920K, used 23833K [0x0000000704400000, 0x0000000800000000)
  region size 2048K, 0 young (0K), 0 survivors (0K)
 Metaspace       used 54110K, committed 55040K, reserved 1114112K
  class space    used 7156K, committed 7552K, reserved 1048576K
}
Event: 196048.990 GC heap before
{Heap before GC invocations=276 (full 28):
 garbage-first heap   total 81920K, used 70937K [0x0000000704400000, 0x0000000800000000)
  region size 2048K, 23 young (47104K), 0 survivors (0K)
 Metaspace       used 54327K, committed 55104K, reserved 1114112K
  class space    used 7182K, committed 7552K, reserved 1048576K
}
Event: 196048.994 GC heap after
{Heap after GC invocations=277 (full 28):
 garbage-first heap   total 81920K, used 27819K [0x0000000704400000, 0x0000000800000000)
  region size 2048K, 2 young (4096K), 2 survivors (4096K)
 Metaspace       used 54327K, committed 55104K, reserved 1114112K
  class space    used 7182K, committed 7552K, reserved 1048576K
}
Event: 196055.726 GC heap before
{Heap before GC invocations=278 (full 28):
 garbage-first heap   total 81920K, used 40107K [0x0000000704400000, 0x0000000800000000)
  region size 2048K, 10 young (20480K), 2 survivors (4096K)
 Metaspace       used 54269K, committed 55104K, reserved 1114112K
  class space    used 7164K, committed 7552K, reserved 1048576K
}
Event: 196055.767 GC heap after
{Heap after GC invocations=279 (full 29):
 garbage-first heap   total 81920K, used 23783K [0x0000000704400000, 0x0000000800000000)
  region size 2048K, 0 young (0K), 0 survivors (0K)
 Metaspace       used 54256K, committed 55104K, reserved 1114112K
  class space    used 7162K, committed 7552K, reserved 1048576K
}
Event: 196056.363 GC heap before
{Heap before GC invocations=279 (full 29):
 garbage-first heap   total 81920K, used 68839K [0x0000000704400000, 0x0000000800000000)
  region size 2048K, 22 young (45056K), 0 survivors (0K)
 Metaspace       used 54474K, committed 55232K, reserved 1114112K
  class space    used 7189K, committed 7552K, reserved 1048576K
}
Event: 196056.367 GC heap after
{Heap after GC invocations=280 (full 29):
 garbage-first heap   total 81920K, used 27730K [0x0000000704400000, 0x0000000800000000)
  region size 2048K, 2 young (4096K), 2 survivors (4096K)
 Metaspace       used 54474K, committed 55232K, reserved 1114112K
  class space    used 7189K, committed 7552K, reserved 1048576K
}
Event: 196138.937 GC heap before
{Heap before GC invocations=281 (full 29):
 garbage-first heap   total 81920K, used 52306K [0x0000000704400000, 0x0000000800000000)
  region size 2048K, 15 young (30720K), 2 survivors (4096K)
 Metaspace       used 54502K, committed 55296K, reserved 1114112K
  class space    used 7192K, committed 7552K, reserved 1048576K
}
Event: 196138.982 GC heap after
{Heap after GC invocations=282 (full 30):
 garbage-first heap   total 81920K, used 23987K [0x0000000704400000, 0x0000000800000000)
  region size 2048K, 0 young (0K), 0 survivors (0K)
 Metaspace       used 54490K, committed 55296K, reserved 1114112K
  class space    used 7190K, committed 7552K, reserved 1048576K
}

